commit ac9b5f107f2f19cd0ca6e01548d20d072a46335c
Author: Driss Guessous <32754868+drisspg@users.noreply.github.com>
Date:   Tue Dec 16 09:19:20 2025 -0800

    basics working (#2070)

diff --git a/flash_attn/cute/flash_bwd_sm100.py b/flash_attn/cute/flash_bwd_sm100.py
index 00c8cbf..4f7640c 100644
--- a/flash_attn/cute/flash_bwd_sm100.py
+++ b/flash_attn/cute/flash_bwd_sm100.py
@@ -7,6 +7,7 @@ import cuda.bindings.driver as cuda
 
 import cutlass
 import cutlass.cute as cute
+from cutlass.cute import FastDivmodDivisor
 from cutlass import Float32, Int32, const_expr
 from cutlass.utils import LayoutEnum
 from cutlass.cute.nvgpu import cpasync, tcgen05
@@ -29,6 +30,7 @@ from flash_attn.cute.tile_scheduler import (
 
 from flash_attn.cute import barrier
 from flash_attn.cute.named_barrier import NamedBarrierBwdSm100
+from flash_attn.cute.softmax import apply_score_mod_inner, apply_score_mod_bwd_inner
 
 
 class FlashAttentionBackwardSm100:
@@ -46,6 +48,9 @@ class FlashAttentionBackwardSm100:
         is_persistent: bool = False,
         deterministic: bool = False,
         cluster_size: int = 1,
+        score_mod: cutlass.Constexpr | None = None,
+        score_mod_bwd: cutlass.Constexpr | None = None,
+        has_aux_tensors: cutlass.Constexpr = False,
     ):
         # padding head_dim to a multiple of 16 as k_block_size
         hdim_multiple_of = 16
@@ -88,6 +93,17 @@ class FlashAttentionBackwardSm100:
         self.use_tma_store = True
         self.deterministic = deterministic
 
+        # Score mod support
+        self.score_mod = score_mod
+        self.score_mod_bwd = score_mod_bwd
+        self.has_aux_tensors = has_aux_tensors
+        # For score_mod, use vec_size=1 (like forward) to handle per-element indices
+        if cutlass.const_expr(has_aux_tensors):
+            self.vec_size: cutlass.Constexpr = 1
+        else:
+            self.vec_size: cutlass.Constexpr = 4
+        self.qk_acc_dtype = Float32
+
         # Speed optimizations, does not affect correctness
         self.shuffle_LSE = False
         self.shuffle_dPsum = False
@@ -360,6 +376,7 @@ class FlashAttentionBackwardSm100:
         mdQ_semaphore: Optional[cute.Tensor] = None,
         mdK_semaphore: Optional[cute.Tensor] = None,
         mdV_semaphore: Optional[cute.Tensor] = None,
+        aux_tensors: Optional[list] = None,
     ):
         assert all(x is None for x in (mCuSeqlensQ, mCuSeqlensK, mSeqUsedQ, mSeqUsedK)), (
             "Variable sequence length is not supported yet in FlashAttentionBackwardSm100"
@@ -665,13 +682,28 @@ class FlashAttentionBackwardSm100:
         self.shared_storage = SharedStorage
 
         LOG2_E = math.log2(math.e)
-        softmax_scale_log2 = softmax_scale * LOG2_E
+        if const_expr(self.score_mod is None):
+            # Without score_mod: bake scale into log2
+            softmax_scale_log2 = softmax_scale * LOG2_E
+        else:
+            # With score_mod: score_mod applied to S * softmax_scale, then use LOG2_E only
+            softmax_scale_log2 = LOG2_E
 
         if const_expr(window_size_left is not None):
             window_size_left = Int32(window_size_left)
         if const_expr(window_size_right is not None):
             window_size_right = Int32(window_size_right)
 
+        fastdiv_mods = None
+        if const_expr(aux_tensors is not None):
+            seqlen_q = cute.size(mQ.shape[0]) // (
+                self.qhead_per_kvhead if const_expr(self.pack_gqa) else 1
+            )
+            seqlen_k = cute.size(mK.shape[0])
+            seqlen_q_divmod = FastDivmodDivisor(seqlen_q)
+            seqlen_k_divmod = FastDivmodDivisor(seqlen_k)
+            fastdiv_mods = (seqlen_q_divmod, seqlen_k_divmod)
+
         self.kernel(
             tma_tensor_Q,
             tma_tensor_K,
@@ -719,6 +751,8 @@ class FlashAttentionBackwardSm100:
             window_size_left,
             window_size_right,
             tile_sched_params,
+            aux_tensors,
+            fastdiv_mods,
         ).launch(
             grid=grid_dim,
             block=[self.threads_per_cta, 1, 1],
@@ -777,6 +811,8 @@ class FlashAttentionBackwardSm100:
         window_size_left: Optional[Int32],
         window_size_right: Optional[Int32],
         tile_sched_params: ParamsBase,
+        aux_tensors: Optional[list] = None,
+        fastdiv_mods=(None, None),
     ):
         warp_idx = cute.arch.make_warp_uniform(cute.arch.warp_idx())
 
@@ -1156,6 +1192,8 @@ class FlashAttentionBackwardSm100:
                 tiled_copy_r2s_dKV,
                 mdK_semaphore,
                 mdV_semaphore,
+                aux_tensors,
+                fastdiv_mods,
             )
             cute.arch.mbarrier_arrive(tmem_dealloc_mbar_ptr)
 
@@ -1672,6 +1710,77 @@ class FlashAttentionBackwardSm100:
                 ) + (None,) * (rank - 4)
         return t[coord]
 
+    @cute.jit
+    def apply_score_mod(
+        self,
+        tSrS_t2r,
+        thr_copy_t2r,
+        thr_mma_S,
+        batch_idx,
+        head_idx,
+        m_block,
+        n_block,
+        softmax_scale,
+        seqlen_info,
+        aux_tensors=None,
+        fastdiv_mods=(None, None),
+    ):
+        """Apply forward score modification for SM100 backward pass."""
+        # In bwd, S is computed as K @ Q.T so dimensions are (tile_n, tile_m)
+        cS = cute.make_identity_tensor((self.tile_n, self.tile_m))
+        cS = cute.domain_offset((n_block * self.tile_n, m_block * self.tile_m), cS)
+        tScS = thr_mma_S.partition_C(cS)
+        tScS_idx = thr_copy_t2r.partition_D(tScS)
+
+        apply_score_mod_inner(
+            tSrS_t2r,
+            tScS_idx,
+            self.score_mod,
+            batch_idx,
+            head_idx,
+            softmax_scale,
+            self.vec_size,
+            self.qk_acc_dtype,
+            aux_tensors,
+            fastdiv_mods,
+            seqlen_info,
+            constant_q_idx=None,
+            qhead_per_kvhead=self.qhead_per_kvhead if const_expr(self.pack_gqa) else 1,
+            transpose_indices=True,
+        )
+
+    @cute.jit
+    def apply_score_mod_bwd(
+        self,
+        grad_tensor,
+        score_tensor,
+        index_tensor,
+        batch_idx,
+        head_idx,
+        softmax_scale,
+        seqlen_info,
+        aux_tensors=None,
+        fastdiv_mods=(None, None),
+    ):
+        """Apply backward score modification (joint graph) for SM100."""
+        apply_score_mod_bwd_inner(
+            grad_tensor,
+            score_tensor,
+            index_tensor,
+            self.score_mod_bwd,
+            batch_idx,
+            head_idx,
+            softmax_scale,
+            self.vec_size,
+            self.qk_acc_dtype,
+            aux_tensors,
+            fastdiv_mods,
+            seqlen_info,
+            constant_q_idx=None,
+            qhead_per_kvhead=self.qhead_per_kvhead if const_expr(self.pack_gqa) else 1,
+            transpose_indices=True,
+        )
+
     @cute.jit
     def compute_loop(
         self,
@@ -1709,6 +1818,8 @@ class FlashAttentionBackwardSm100:
         tiled_copy_r2s_dKV: Optional[cute.TiledCopy],
         mdK_semaphore: Optional[cute.Tensor],
         mdV_semaphore: Optional[cute.Tensor],
+        aux_tensors: Optional[list] = None,
+        fastdiv_mods=(None, None),
     ):
         sLSE_2D = cute.make_tensor(
             sLSE.iterator,
@@ -1844,9 +1955,29 @@ class FlashAttentionBackwardSm100:
                 tSrS_t2r = cute.make_fragment(tScS_t2r.shape, Float32)
                 cute.copy(thr_copy_t2r, tStS_t2r, tSrS_t2r)
 
+                if const_expr(self.score_mod is not None):
+                    # Preserve unscaled S for backward score_mod BEFORE masking
+                    tSrS_pre = cute.make_fragment_like(tSrS_t2r)
+                    cute.autovec_copy(tSrS_t2r, tSrS_pre)
+
                 #### APPLY MASK
                 mask_fn(tSrS_t2r, m_block=m_block)
 
+                if const_expr(self.score_mod is not None):
+                    self.apply_score_mod(
+                        tSrS_t2r,
+                        thr_copy_t2r,
+                        thr_mma_S,
+                        batch_idx,
+                        head_idx,
+                        m_block,
+                        n_block,
+                        softmax_scale,
+                        seqlen,
+                        aux_tensors,
+                        fastdiv_mods,
+                    )
+
                 num_stages = cute.size(tScS_t2r, mode=[1])
 
                 # ---------------------------------------------
@@ -1940,6 +2071,32 @@ class FlashAttentionBackwardSm100:
                             (tSrS_cur[2 * v], tSrS_cur[2 * v + 1]),
                             (tdPrdP_cur[2 * v], tdPrdP_cur[2 * v + 1]),
                         )
+
+                    if const_expr(self.score_mod_bwd is not None):
+                        tSrS_pre_cur = tSrS_pre[None, stage, 0, 0]
+                        cS_bwd = cute.make_identity_tensor((self.tile_n, self.tile_m))
+                        cS_bwd = cute.domain_offset(
+                            (n_block * self.tile_n, m_block * self.tile_m), cS_bwd
+                        )
+                        tScS_bwd = thr_mma_S.partition_C(cS_bwd)
+                        tScS_idx_bwd = thr_copy_t2r.partition_D(tScS_bwd)
+                        tScS_idx_cur = tScS_idx_bwd[None, stage, 0, 0]
+                        self.apply_score_mod_bwd(
+                            tdPrdP_cur,
+                            tSrS_pre_cur,
+                            tScS_idx_cur,
+                            batch_idx,
+                            head_idx,
+                            softmax_scale,
+                            seqlen,
+                            aux_tensors,
+                            fastdiv_mods,
+                        )
+                        # Zero out OOB positions (kv_idx >= seqlen_k) after score_mod_bwd
+                        for i in cutlass.range(cute.size(tdPrdP_cur), unroll_full=True):
+                            kv_idx = tScS_idx_cur[i][0]
+                            tdPrdP_cur[i] = 0.0 if kv_idx >= seqlen.seqlen_k else tdPrdP_cur[i]
+
                     tdPrdS_cvt = cute.make_fragment_like(tdPrdP_cur, self.ds_dtype)
                     utils.cvt_f16(tdPrdP_cur, tdPrdS_cvt)
                     if const_expr(stage == 0):
diff --git a/flash_attn/cute/interface.py b/flash_attn/cute/interface.py
index 5ed87e1..383d317 100644
--- a/flash_attn/cute/interface.py
+++ b/flash_attn/cute/interface.py
@@ -573,6 +573,9 @@ def _flash_attn_bwd(
     dq: Optional[torch.Tensor] = None,
     dk: Optional[torch.Tensor] = None,
     dv: Optional[torch.Tensor] = None,
+    score_mod: Optional[Callable] = None,
+    score_mod_bwd: Optional[Callable] = None,
+    aux_tensors: Optional[list[torch.Tensor]] = None,
 ) -> Tuple[torch.Tensor, torch.Tensor, torch.Tensor]:
     compute_capability = _get_device_capability()
     assert compute_capability in [9, 10], "Unsupported compute capability. Supported: 9.x, 10.x"
@@ -685,6 +688,14 @@ def _flash_attn_bwd(
     if compute_capability != 10:
         assert deterministic is False, "bwd deterministic only supported for sm100 for now"
 
+    if score_mod is not None:
+        assert score_mod_bwd is not None, "score_mod_bwd is required when score_mod is provided"
+        assert softcap == 0.0, "softcap and score_mod are mutually exclusive (different log2 scaling)"
+        assert cu_seqlens_q is None and cu_seqlens_k is None, (
+            "varlen + score_mod not supported in bwd yet"
+        )
+        assert compute_capability == 10, "score_mod in bwd only supported on SM100 for now"
+
     device = q.device
     out_torch_dtype = q.dtype
 
@@ -855,6 +866,14 @@ def _flash_attn_bwd(
             V_in_regs,
         )
     else:
+        # Hash callables for compile key
+        score_mod_hash = utils.hash_callable(score_mod) if score_mod else False
+        score_mod_bwd_hash = utils.hash_callable(score_mod_bwd) if score_mod_bwd else False
+        num_aux_tensors = len(aux_tensors) if aux_tensors else 0
+        # Convert aux_tensors to cute tensors
+        cute_aux_tensors = None
+        if aux_tensors is not None:
+            cute_aux_tensors = [from_dlpack(buf).mark_layout_dynamic() for buf in aux_tensors]
         compile_key = (
             compute_capability,
             dtype,
@@ -871,6 +890,9 @@ def _flash_attn_bwd(
             pack_gqa,
             cluster_size,
             deterministic,
+            score_mod_hash,
+            score_mod_bwd_hash,
+            num_aux_tensors,
         )
     num_threads = 384
     if compile_key not in _flash_attn_bwd.compile_cache:
@@ -946,6 +968,9 @@ def _flash_attn_bwd(
                 cluster_size=cluster_size,
                 # cluster_size=1,
                 deterministic=deterministic,
+                score_mod=score_mod,
+                score_mod_bwd=score_mod_bwd,
+                has_aux_tensors=aux_tensors is not None and len(aux_tensors) > 0,
             )
         # TODO: check @can_implement
         _flash_attn_bwd.compile_cache[compile_key] = cute.compile(
@@ -971,6 +996,7 @@ def _flash_attn_bwd(
             dQ_semaphore_tensor,
             dK_semaphore_tensor,
             dV_semaphore_tensor,
+            cute_aux_tensors,
             options="--enable-tvm-ffi",
         )
     _flash_attn_bwd.compile_cache[compile_key](
@@ -995,6 +1021,7 @@ def _flash_attn_bwd(
         dQ_semaphore,
         dK_semaphore,
         dV_semaphore,
+        aux_tensors,
     )
 
     num_threads = 256 if compute_capability == 9 else 128
diff --git a/flash_attn/cute/softmax.py b/flash_attn/cute/softmax.py
index e824324..eade8d2 100644
--- a/flash_attn/cute/softmax.py
+++ b/flash_attn/cute/softmax.py
@@ -343,6 +343,7 @@ def apply_score_mod_inner(
     seqlen_info: SeqlenInfoQK,
     constant_q_idx: cutlass.Constexpr,
     qhead_per_kvhead: cutlass.Constexpr[int] = 1,
+    transpose_indices: cutlass.Constexpr[bool] = False,
 ):
     """Shared implementation for applying score modification.
 
@@ -362,7 +363,18 @@ def apply_score_mod_inner(
                         If None, compute q_idx per-element
         qhead_per_kvhead_packgqa: Pack-GQA replication factor. Divide q_idx by this
                                   when greater than 1 so score mods see logical heads.
+        transpose_indices: If True, swap q_idx/kv_idx in index_tensor (for bwd kernel where S is transposed)
     """
+    # Index positions in the index_tensor tuple
+    # Forward: index_tensor[...][0] = q_idx, index_tensor[...][1] = kv_idx
+    # Backward (transposed): index_tensor[...][0] = kv_idx, index_tensor[...][1] = q_idx
+    if cutlass.const_expr(transpose_indices):
+        q_idx_pos = cutlass.const_expr(1)
+        kv_idx_pos = cutlass.const_expr(0)
+    else:
+        q_idx_pos = cutlass.const_expr(0)
+        kv_idx_pos = cutlass.const_expr(1)
+
     n_vals = cutlass.const_expr(cute.size(score_tensor.shape))
     score_vec = cute.make_rmem_tensor(vec_size, qk_acc_dtype)
     kv_idx_vec = cute.make_rmem_tensor(vec_size, cutlass.Int32)
@@ -384,7 +396,7 @@ def apply_score_mod_inner(
 
             # Extract head offset from packed q_idx for Pack-GQA
             if cutlass.const_expr(qhead_per_kvhead > 1 and constant_q_idx is None):
-                q_idx_packed = index_tensor[i + j][0]
+                q_idx_packed = index_tensor[i + j][q_idx_pos]
                 # Building up the logical q_head idx: final_q_head = kv_head * qhead_per_kvhead + (q_physical % qhead_per_kvhead)
                 q_idx_logical = q_idx_packed // qhead_per_kvhead
                 head_offset = q_idx_packed - q_idx_logical * qhead_per_kvhead
@@ -394,19 +406,21 @@ def apply_score_mod_inner(
             if cutlass.const_expr(aux_tensors is not None and fastdiv_mods is not None):
                 if cutlass.const_expr(constant_q_idx is None):
                     seqlen_q_divmod, seqlen_k_divmod = fastdiv_mods
-                    q_idx_floored = floor_if_packed(index_tensor[i + j][0], qhead_per_kvhead)
+                    q_idx_floored = floor_if_packed(
+                        index_tensor[i + j][q_idx_pos], qhead_per_kvhead
+                    )
                     _, q_idx_wrapped = divmod(q_idx_floored, seqlen_q_divmod)
                     q_idx_vec[j] = q_idx_wrapped
                 else:
                     _, seqlen_k_divmod = fastdiv_mods
 
-                _, kv_idx_wrapped = divmod(index_tensor[i + j][1], seqlen_k_divmod)
+                _, kv_idx_wrapped = divmod(index_tensor[i + j][kv_idx_pos], seqlen_k_divmod)
                 kv_idx_vec[j] = kv_idx_wrapped
             else:
                 # No bounds checking - direct indexing
                 if constant_q_idx is None:
-                    q_idx_vec[j] = floor_if_packed(index_tensor[i + j][0], qhead_per_kvhead)
-                kv_idx_vec[j] = index_tensor[i + j][1]
+                    q_idx_vec[j] = floor_if_packed(index_tensor[i + j][q_idx_pos], qhead_per_kvhead)
+                kv_idx_vec[j] = index_tensor[i + j][kv_idx_pos]
 
         # Convert to SSA for score_mod call
         score_ssa = score_vec.load()
@@ -442,3 +456,125 @@ def apply_score_mod_inner(
         score_vec.store(post_mod_scores)
         for j in cutlass.range(vec_size, unroll_full=True):
             score_tensor[i + j] = score_vec[j]
+
+
+@cute.jit
+def apply_score_mod_bwd_inner(
+    grad_tensor,
+    score_tensor,
+    index_tensor,
+    score_mod_bwd: cutlass.Constexpr,
+    batch_idx,
+    head_idx,
+    softmax_scale,
+    vec_size: cutlass.Constexpr,
+    qk_acc_dtype: cutlass.Constexpr,
+    aux_tensors,
+    fastdiv_mods,
+    seqlen_info,
+    constant_q_idx: cutlass.Constexpr,
+    qhead_per_kvhead: cutlass.Constexpr[int] = 1,
+    transpose_indices: cutlass.Constexpr[bool] = False,
+):
+    """Apply backward score modification (joint graph).
+
+    Args:
+        grad_tensor: in/out: dlogits rewritten in-place with d(scaled_scores)
+        score_tensor: pre-mod scores (unscaled QK tile), scaled by softmax_scale internally
+        index_tensor: Index positions (same as forward)
+        score_mod_bwd: The backward score modification function (joint graph)
+        batch_idx: Batch index
+        head_idx: Head index
+        softmax_scale: Scale to apply to score_tensor
+        vec_size: Vector size for processing elements
+        qk_acc_dtype: Data type for accumulator
+        aux_tensors: Optional aux_tensors for FlexAttention
+        fastdiv_mods: Tuple of (seqlen_q_divmod, seqlen_k_divmod) for wrapping
+        seqlen_info: Sequence length info
+        constant_q_idx: If provided, use this constant for all q_idx values
+        qhead_per_kvhead: Pack-GQA replication factor
+        transpose_indices: If True, swap q_idx/kv_idx in index_tensor
+    """
+    # Index positions in the index_tensor tuple
+    # Forward: index_tensor[...][0] = q_idx, index_tensor[...][1] = kv_idx
+    # Backward (transposed): index_tensor[...][0] = kv_idx, index_tensor[...][1] = q_idx
+    if cutlass.const_expr(transpose_indices):
+        q_idx_pos = cutlass.const_expr(1)
+        kv_idx_pos = cutlass.const_expr(0)
+    else:
+        q_idx_pos = cutlass.const_expr(0)
+        kv_idx_pos = cutlass.const_expr(1)
+    n_vals = cutlass.const_expr(cute.size(grad_tensor.shape))
+    grad_vec = cute.make_fragment(vec_size, qk_acc_dtype)
+    score_vec = cute.make_fragment(vec_size, qk_acc_dtype)
+    kv_idx_vec = cute.make_fragment(vec_size, cutlass.Int32)
+    batch_idx_ssa = utils.scalar_to_ssa(batch_idx, cutlass.Int32).broadcast_to((vec_size,))
+    q_idx_vec = cute.make_fragment(vec_size, cutlass.Int32)
+
+    # For Pack-GQA with non-constant q_idx, we need per-element head indices
+    if cutlass.const_expr(qhead_per_kvhead > 1 and constant_q_idx is None):
+        head_idx_vec = cute.make_fragment(vec_size, cutlass.Int32)
+
+    for i in cutlass.range(0, n_vals, vec_size, unroll_full=True):
+        for j in cutlass.range(vec_size, unroll_full=True):
+            grad_vec[j] = grad_tensor[i + j]
+            # Scale score so joint graph sees same value as forward score_mod
+            score_vec[j] = score_tensor[i + j] * softmax_scale
+
+            if cutlass.const_expr(qhead_per_kvhead > 1 and constant_q_idx is None):
+                q_idx_packed = index_tensor[i + j][q_idx_pos]
+                q_idx_logical = q_idx_packed // qhead_per_kvhead
+                head_offset = q_idx_packed - q_idx_logical * qhead_per_kvhead
+                head_idx_vec[j] = head_idx * qhead_per_kvhead + head_offset
+
+            if cutlass.const_expr(aux_tensors is not None and fastdiv_mods is not None):
+                if cutlass.const_expr(constant_q_idx is None):
+                    seqlen_q_divmod, seqlen_k_divmod = fastdiv_mods
+                    q_idx_floored = floor_if_packed(
+                        index_tensor[i + j][q_idx_pos], qhead_per_kvhead
+                    )
+                    _, q_idx_wrapped = divmod(q_idx_floored, seqlen_q_divmod)
+                    q_idx_vec[j] = q_idx_wrapped
+                else:
+                    _, seqlen_k_divmod = fastdiv_mods
+
+                _, kv_idx_wrapped = divmod(index_tensor[i + j][kv_idx_pos], seqlen_k_divmod)
+                kv_idx_vec[j] = kv_idx_wrapped
+            else:
+                # No bounds checking - direct indexing
+                if constant_q_idx is None:
+                    q_idx_vec[j] = floor_if_packed(index_tensor[i + j][q_idx_pos], qhead_per_kvhead)
+                kv_idx_vec[j] = index_tensor[i + j][kv_idx_pos]
+
+        grad_ssa = grad_vec.load()
+        score_ssa = score_vec.load()
+        kv_idx_ssa = kv_idx_vec.load()
+
+        if cutlass.const_expr(constant_q_idx is None):
+            q_idx_ssa = q_idx_vec.load()
+        else:
+            q_idx_ssa = utils.scalar_to_ssa(constant_q_idx, cutlass.Int32).broadcast_to((vec_size,))
+
+        if cutlass.const_expr(qhead_per_kvhead > 1 and constant_q_idx is None):
+            head_idx_ssa = head_idx_vec.load()
+        else:
+            head_idx_ssa = utils.scalar_to_ssa(head_idx, cutlass.Int32).broadcast_to((vec_size,))
+
+        aux_args = []
+        if cutlass.const_expr(aux_tensors is not None):
+            aux_args = aux_tensors
+
+        grad_out_ssa = score_mod_bwd(
+            grad_ssa,
+            score_ssa,
+            batch_idx_ssa,
+            head_idx_ssa,
+            q_idx=q_idx_ssa,
+            kv_idx=kv_idx_ssa,
+            seqlen_info=seqlen_info,
+            aux_tensors=aux_args,
+        )
+
+        grad_vec.store(grad_out_ssa)
+        for j in cutlass.range(vec_size, unroll_full=True):
+            grad_tensor[i + j] = grad_vec[j]
diff --git a/tests/cute/test_score_mod.py b/tests/cute/test_score_mod.py
index d5577ce..d354f93 100644
--- a/tests/cute/test_score_mod.py
+++ b/tests/cute/test_score_mod.py
@@ -5,7 +5,7 @@ import cutlass.cute as cute
 from cutlass._mlir.dialects import math as mlir_math
 import operator
 from torch.nn.attention.flex_attention import flex_attention
-from flash_attn.cute.interface import _flash_attn_fwd
+from flash_attn.cute.interface import _flash_attn_fwd, _flash_attn_bwd
 from score_mod_definitions import (
     # TensorSSA-based score mods
     score_mod_identity as score_mod_1,
@@ -597,5 +597,313 @@ def test_score_mod_with_paged_kvcache_aux_tensors(
     )
 
 
+@cute.jit
+def score_mod_bwd_5(grad, score, b_idx, h_idx, q_idx, kv_idx, seqlen_info, aux_tensors):
+    """Backward for score_mod_5 (times_two): d(score*2)/d(score) = 2."""
+    return grad * cute.full_like(grad, 2.0)
+
+
+@cute.jit
+def score_mod_bwd_3(grad, score, b_idx, h_idx, q_idx, kv_idx, seqlen_info, aux_tensors):
+    """Backward for score_mod_3 (relative_bias): d(score + |q-kv|)/d(score) = 1."""
+    return grad
+
+
+@cute.jit
+def score_mod_bwd_identity(grad, score, b_idx, h_idx, q_idx, kv_idx, seqlen_info, aux_tensors):
+    return grad
+
+
+@cute.jit
+def score_mod_squared(tSrS_ssa, b_idx, h_idx, q_idx, kv_idx, seqlen_info, aux_tensors):
+    """Forward: score ** 2."""
+    return tSrS_ssa * tSrS_ssa
+
+
+@cute.jit
+def score_mod_bwd_squared(grad, score, b_idx, h_idx, q_idx, kv_idx, seqlen_info, aux_tensors):
+    """Backward for score**2: d(score**2)/d(score) = 2*score."""
+    return grad * cute.full_like(grad, 2.0) * score
+
+
+def score_squared_eager(score, b, h, q_idx, kv_idx):
+    return score * score
+
+
+BWD_TEST_PAIRS = [
+    (score_mod_5, score_mod_bwd_5, times_two_eager),
+    (score_mod_3, score_mod_bwd_3, relative_bias_eager),
+    (score_mod_squared, score_mod_bwd_squared, score_squared_eager),
+]
+
+BWD_TEST_PAIRS_WITH_AUX = [
+    (score_mod_10, score_mod_bwd_identity, batch_bias),
+    (score_mod_11, score_mod_bwd_identity, dual_buffer_bias),
+]
+
+BWD_TEST_PAIRS_PACK_GQA = [
+    (score_mod_5, score_mod_bwd_5, times_two_eager),
+    (score_mod_3, score_mod_bwd_3, relative_bias_eager),
+]
+
+
+def run_cute_flash_bwd(
+    q, k, v, cute_score_mod, cute_score_mod_bwd, aux_tensors=None, pack_gqa=False
+):
+    """Run flash attention forward + backward with score_mod."""
+    q_t = q.transpose(1, 2)
+    k_t = k.transpose(1, 2)
+    v_t = v.transpose(1, 2)
+
+    out, lse = _flash_attn_fwd(
+        q_t, k_t, v_t,
+        return_lse=True,
+        score_mod=cute_score_mod,
+        aux_tensors=aux_tensors,
+        pack_gqa=pack_gqa,
+    )
+
+    grad_out = torch.randn_like(out)
+
+    dq, dk, dv = _flash_attn_bwd(
+        q_t, k_t, v_t,
+        out, grad_out, lse,
+        score_mod=cute_score_mod,
+        score_mod_bwd=cute_score_mod_bwd,
+        aux_tensors=aux_tensors,
+        pack_gqa=pack_gqa,
+    )
+
+    return (
+        out.transpose(1, 2),
+        grad_out.transpose(1, 2),
+        dq.transpose(1, 2),
+        dk.transpose(1, 2),
+        dv.transpose(1, 2),
+    )
+
+
+def run_flex_reference_bwd(q, k, v, eager_score_mod, grad_out, dtype=None):
+    """Run flex_attention forward + backward for reference."""
+    if dtype is not None:
+        q = q.to(dtype).requires_grad_(True)
+        k = k.to(dtype).requires_grad_(True)
+        v = v.to(dtype).requires_grad_(True)
+        grad_out = grad_out.to(dtype)
+    else:
+        q = q.requires_grad_(True)
+        k = k.requires_grad_(True)
+        v = v.requires_grad_(True)
+
+    compiled_flex = torch.compile(flex_attention)
+    out = compiled_flex(
+        q, k, v, score_mod=eager_score_mod, enable_gqa=q.shape[1] != k.shape[1]
+    )
+    dq, dk, dv = torch.autograd.grad(out, (q, k, v), grad_out)
+
+    return out, dq, dk, dv
+
+
+@pytest.mark.parametrize(
+    "seqlen_q,seqlen_kv",
+    [
+        (64, 64),
+        (128, 128),
+        (256, 256),
+        (512, 512),
+        (799, 3),
+        (3, 799),
+        (128, 256),
+        (256, 128),
+        (113, 203),
+    ],
+)
+@pytest.mark.parametrize("dim", [64, 128])
+@pytest.mark.parametrize("dtype", [torch.bfloat16, torch.float16])
+@pytest.mark.parametrize("score_mod_triple", BWD_TEST_PAIRS)
+def test_cute_vs_flex_attention_backward(seqlen_q, seqlen_kv, dim, dtype, score_mod_triple):
+    """Test backward pass with score_mod against flex_attention reference."""
+    torch.random.manual_seed(42)
+    cute_fwd, cute_bwd, eager_ref = score_mod_triple
+
+    q, k, v = create_tensors(
+        seqlen_q=seqlen_q, seqlen_kv=seqlen_kv, num_heads=4, dim=dim, dtype=dtype
+    )
+
+    out_cute, grad_out, dq_cute, dk_cute, dv_cute = run_cute_flash_bwd(
+        q, k, v, cute_fwd, cute_bwd
+    )
+    out_ref_fp32, dq_ref_fp32, dk_ref_fp32, dv_ref_fp32 = run_flex_reference_bwd(
+        q, k, v, eager_ref, grad_out, dtype=torch.float32
+    )
+    out_pt, dq_pt, dk_pt, dv_pt = run_flex_reference_bwd(
+        q, k, v, eager_ref, grad_out
+    )
+
+    assert not torch.isnan(dq_cute).any(), "dQ contains NaN"
+    assert not torch.isnan(dk_cute).any(), "dK contains NaN"
+    assert not torch.isnan(dv_cute).any(), "dV contains NaN"
+
+    rtol = 2
+    dq_atol = 2 * (dq_ref_fp32 + 0.3 - 0.3 - dq_ref_fp32).abs().max().item()
+    dk_atol = 2 * (dk_ref_fp32 + 0.3 - 0.3 - dk_ref_fp32).abs().max().item()
+    dv_atol = 2 * (dv_ref_fp32 + 0.3 - 0.3 - dv_ref_fp32).abs().max().item()
+
+    dq_ref = dq_ref_fp32.to(dtype)
+    dk_ref = dk_ref_fp32.to(dtype)
+    dv_ref = dv_ref_fp32.to(dtype)
+
+    pt_dq_err = (dq_pt - dq_ref).abs().max().item()
+    pt_dk_err = (dk_pt - dk_ref).abs().max().item()
+    pt_dv_err = (dv_pt - dv_ref).abs().max().item()
+
+    cute_dq_err = (dq_cute - dq_ref).abs().max().item()
+    cute_dk_err = (dk_cute - dk_ref).abs().max().item()
+    cute_dv_err = (dv_cute - dv_ref).abs().max().item()
+
+    print(f"\nBackward comparison for {cute_fwd.__name__}:")
+    print(f"  dQ: PT err={pt_dq_err:.2e}, CuTE err={cute_dq_err:.2e}, atol={dq_atol:.2e}")
+    print(f"  dK: PT err={pt_dk_err:.2e}, CuTE err={cute_dk_err:.2e}, atol={dk_atol:.2e}")
+    print(f"  dV: PT err={pt_dv_err:.2e}, CuTE err={cute_dv_err:.2e}, atol={dv_atol:.2e}")
+
+    assert cute_dq_err <= rtol * pt_dq_err + dq_atol, f"dQ error too large: {cute_dq_err:.2e}"
+    assert cute_dk_err <= rtol * pt_dk_err + dk_atol, f"dK error too large: {cute_dk_err:.2e}"
+    assert cute_dv_err <= rtol * pt_dv_err + dv_atol, f"dV error too large: {cute_dv_err:.2e}"
+
+
+def make_aux_tensors_for_bwd(cute_score_mod, eager_factory, seqlen_q, num_heads, batch_size, dtype):
+    if cute_score_mod == score_mod_10:
+        buffer = torch.randn(batch_size, device="cuda", dtype=dtype) * 0.1
+        return [buffer], eager_factory(buffer)
+    head_bias = torch.randn(num_heads, device="cuda", dtype=dtype) * 0.2
+    pos_scale = torch.arange(seqlen_q, device="cuda", dtype=dtype) * 0.01
+    return [head_bias, pos_scale], eager_factory(head_bias, pos_scale)
+
+
+@pytest.mark.parametrize(
+    "seqlen_q,seqlen_kv",
+    [
+        (64, 64),
+        (128, 128),
+        (256, 128),
+    ],
+)
+@pytest.mark.parametrize("dim", [64])
+@pytest.mark.parametrize("dtype", [torch.bfloat16, torch.float16])
+@pytest.mark.parametrize("score_mod_triple", BWD_TEST_PAIRS_WITH_AUX)
+def test_cute_vs_flex_attention_backward_with_aux(
+    seqlen_q, seqlen_kv, dim, dtype, score_mod_triple
+):
+    torch.random.manual_seed(42)
+    cute_fwd, cute_bwd, eager_factory = score_mod_triple
+
+    q, k, v = create_tensors(
+        seqlen_q=seqlen_q, seqlen_kv=seqlen_kv, num_heads=4, dim=dim, dtype=dtype
+    )
+
+    aux_tensors, eager_ref = make_aux_tensors_for_bwd(
+        cute_fwd, eager_factory, seqlen_q, q.shape[1], q.shape[0], dtype
+    )
+
+    out_cute, grad_out, dq_cute, dk_cute, dv_cute = run_cute_flash_bwd(
+        q, k, v, cute_fwd, cute_bwd, aux_tensors=aux_tensors
+    )
+    out_ref_fp32, dq_ref_fp32, dk_ref_fp32, dv_ref_fp32 = run_flex_reference_bwd(
+        q, k, v, eager_ref, grad_out, dtype=torch.float32
+    )
+    out_pt, dq_pt, dk_pt, dv_pt = run_flex_reference_bwd(
+        q, k, v, eager_ref, grad_out
+    )
+
+    assert not torch.isnan(dq_cute).any()
+    assert not torch.isnan(dk_cute).any()
+    assert not torch.isnan(dv_cute).any()
+
+    rtol = 3
+    dq_atol = 2 * (dq_ref_fp32 + 0.3 - 0.3 - dq_ref_fp32).abs().max().item()
+    dk_atol = 2 * (dk_ref_fp32 + 0.3 - 0.3 - dk_ref_fp32).abs().max().item()
+    dv_atol = 2 * (dv_ref_fp32 + 0.3 - 0.3 - dv_ref_fp32).abs().max().item()
+
+    dq_ref = dq_ref_fp32.to(dtype)
+    dk_ref = dk_ref_fp32.to(dtype)
+    dv_ref = dv_ref_fp32.to(dtype)
+
+    pt_dq_err = (dq_pt - dq_ref).abs().max().item()
+    pt_dk_err = (dk_pt - dk_ref).abs().max().item()
+    pt_dv_err = (dv_pt - dv_ref).abs().max().item()
+
+    cute_dq_err = (dq_cute - dq_ref).abs().max().item()
+    cute_dk_err = (dk_cute - dk_ref).abs().max().item()
+    cute_dv_err = (dv_cute - dv_ref).abs().max().item()
+
+    print(f"\nBackward comparison with aux for {cute_fwd.__name__}:")
+    print(f"  dQ: PT err={pt_dq_err:.2e}, CuTE err={cute_dq_err:.2e}, atol={dq_atol:.2e}")
+    print(f"  dK: PT err={pt_dk_err:.2e}, CuTE err={cute_dk_err:.2e}, atol={dk_atol:.2e}")
+    print(f"  dV: PT err={pt_dv_err:.2e}, CuTE err={cute_dv_err:.2e}, atol={dv_atol:.2e}")
+
+    assert cute_dq_err <= rtol * pt_dq_err + dq_atol, f"dQ error too large: {cute_dq_err:.2e}"
+    assert cute_dk_err <= rtol * pt_dk_err + dk_atol, f"dK error too large: {cute_dk_err:.2e}"
+    assert cute_dv_err <= rtol * pt_dv_err + dv_atol, f"dV error too large: {cute_dv_err:.2e}"
+
+
+@pytest.mark.parametrize("seqlen_q,seqlen_kv", [(128, 128), (128, 256)])
+@pytest.mark.parametrize("dim", [64])
+@pytest.mark.parametrize("dtype", [torch.bfloat16, torch.float16])
+@pytest.mark.parametrize("qhead_per_kvhead,num_kv_heads", [(4, 2)])
+@pytest.mark.parametrize("score_mod_triple", BWD_TEST_PAIRS_PACK_GQA)
+def test_cute_vs_flex_attention_backward_pack_gqa(
+    seqlen_q, seqlen_kv, dim, dtype, qhead_per_kvhead, num_kv_heads, score_mod_triple
+):
+    torch.random.manual_seed(42)
+    cute_fwd, cute_bwd, eager_ref = score_mod_triple
+
+    num_q_heads = num_kv_heads * qhead_per_kvhead
+    q, k, v = create_tensors(
+        seqlen_q=seqlen_q, seqlen_kv=seqlen_kv, num_heads=num_q_heads, dim=dim, dtype=dtype
+    )
+    k = k[:, :num_kv_heads, :, :].clone()
+    v = v[:, :num_kv_heads, :, :].clone()
+
+    out_cute, grad_out, dq_cute, dk_cute, dv_cute = run_cute_flash_bwd(
+        q, k, v, cute_fwd, cute_bwd, pack_gqa=True
+    )
+    out_ref_fp32, dq_ref_fp32, dk_ref_fp32, dv_ref_fp32 = run_flex_reference_bwd(
+        q, k, v, eager_ref, grad_out, dtype=torch.float32
+    )
+    out_pt, dq_pt, dk_pt, dv_pt = run_flex_reference_bwd(
+        q, k, v, eager_ref, grad_out
+    )
+
+    assert not torch.isnan(dq_cute).any()
+    assert not torch.isnan(dk_cute).any()
+    assert not torch.isnan(dv_cute).any()
+
+    rtol = 3
+    dq_atol = 2 * (dq_ref_fp32 + 0.3 - 0.3 - dq_ref_fp32).abs().max().item()
+    dk_atol = 2 * (dk_ref_fp32 + 0.3 - 0.3 - dk_ref_fp32).abs().max().item()
+    dv_atol = 2 * (dv_ref_fp32 + 0.3 - 0.3 - dv_ref_fp32).abs().max().item()
+
+    dq_ref = dq_ref_fp32.to(dtype)
+    dk_ref = dk_ref_fp32.to(dtype)
+    dv_ref = dv_ref_fp32.to(dtype)
+
+    pt_dq_err = (dq_pt - dq_ref).abs().max().item()
+    pt_dk_err = (dk_pt - dk_ref).abs().max().item()
+    pt_dv_err = (dv_pt - dv_ref).abs().max().item()
+
+    cute_dq_err = (dq_cute - dq_ref).abs().max().item()
+    cute_dk_err = (dk_cute - dk_ref).abs().max().item()
+    cute_dv_err = (dv_cute - dv_ref).abs().max().item()
+
+    print(f"\nBackward Pack-GQA comparison for {cute_fwd.__name__}:")
+    print(f"  dQ: PT err={pt_dq_err:.2e}, CuTE err={cute_dq_err:.2e}, atol={dq_atol:.2e}")
+    print(f"  dK: PT err={pt_dk_err:.2e}, CuTE err={cute_dk_err:.2e}, atol={dk_atol:.2e}")
+    print(f"  dV: PT err={pt_dv_err:.2e}, CuTE err={cute_dv_err:.2e}, atol={dv_atol:.2e}")
+
+    assert cute_dq_err <= rtol * pt_dq_err + dq_atol, f"dQ error too large: {cute_dq_err:.2e}"
+    assert cute_dk_err <= rtol * pt_dk_err + dk_atol, f"dK error too large: {cute_dk_err:.2e}"
+    assert cute_dv_err <= rtol * pt_dv_err + dv_atol, f"dV error too large: {cute_dv_err:.2e}"
+
+
 if __name__ == "__main__":
     pytest.main([__file__, "-v"])
